2026-01-02 22:22:33,911 - TrainMonitor - INFO - Stopping monitor...
2026-01-02 22:22:35,389 - TrainMonitor - INFO - Starting monitor with 10s interval
2026-01-02 22:22:35,389 - TrainMonitor - INFO - Starting check cycle for 12 dates...
2026-01-02 22:22:35,389 - TrainMonitor - INFO - Fetching CSRF token...
2026-01-02 22:22:38,498 - TrainMonitor - INFO - Fetching CSRF token...
2026-01-02 22:22:41,800 - TrainMonitor - INFO - Fetching CSRF token...
2026-01-02 22:22:47,446 - TrainMonitor - INFO - Fetching CSRF token...
2026-01-02 22:22:51,845 - TrainMonitor - INFO - Fetching CSRF token...
2026-01-02 22:22:56,044 - TrainMonitor - INFO - Fetching CSRF token...
2026-01-02 22:22:59,042 - TrainMonitor - INFO - Fetching CSRF token...
2026-01-02 22:23:03,775 - TrainMonitor - INFO - Fetching CSRF token...
2026-01-02 22:23:06,622 - TrainMonitor - INFO - Fetching CSRF token...
2026-01-02 22:23:11,164 - TrainMonitor - INFO - Fetching CSRF token...
2026-01-02 22:23:15,719 - TrainMonitor - INFO - Fetching CSRF token...
2026-01-02 22:23:19,619 - TrainMonitor - INFO - Fetching CSRF token...
2026-01-02 22:23:22,552 - TrainMonitor - INFO - Fetching CSRF token...
2026-01-02 22:23:26,141 - TrainMonitor - INFO - Fetching CSRF token...
2026-01-02 22:23:30,629 - TrainMonitor - INFO - Fetching CSRF token...
2026-01-02 22:23:34,062 - TrainMonitor - INFO - Fetching CSRF token...
2026-01-02 22:23:37,883 - TrainMonitor - INFO - Fetching CSRF token...
2026-01-02 22:23:41,771 - TrainMonitor - INFO - Fetching CSRF token...
2026-01-02 22:23:45,222 - TrainMonitor - INFO - Fetching CSRF token...
2026-01-02 22:23:48,569 - TrainMonitor - INFO - Fetching CSRF token...
2026-01-02 22:23:51,345 - TrainMonitor - INFO - Fetching CSRF token...
2026-01-02 22:23:54,101 - TrainMonitor - INFO - Fetching CSRF token...
2026-01-02 22:23:57,486 - TrainMonitor - INFO - Fetching CSRF token...
2026-01-02 22:24:00,482 - TrainMonitor - INFO - Fetching CSRF token...
2026-01-02 22:24:01,654 - TrainMonitor - ERROR - Error searching trains: 502 Server Error: Bad Gateway for url: https://metickets.krc.co.ke/search-view-results.php
2026-01-02 22:24:01,654 - TrainMonitor - INFO - Fetching CSRF token...
2026-01-02 22:24:01,685 - TrainMonitor - ERROR - Error fetching CSRF token: 502 Server Error: Bad Gateway for url: https://metickets.krc.co.ke/index.php
2026-01-02 22:24:01,686 - TrainMonitor - INFO - Fetching CSRF token...
2026-01-02 22:24:01,719 - TrainMonitor - ERROR - Error fetching CSRF token: 502 Server Error: Bad Gateway for url: https://metickets.krc.co.ke/index.php
2026-01-02 22:24:01,720 - TrainMonitor - INFO - Fetching CSRF token...
2026-01-02 22:24:01,755 - TrainMonitor - ERROR - Error fetching CSRF token: 502 Server Error: Bad Gateway for url: https://metickets.krc.co.ke/index.php
2026-01-02 22:24:01,756 - TrainMonitor - INFO - Fetching CSRF token...
2026-01-02 22:24:01,790 - TrainMonitor - ERROR - Error fetching CSRF token: 502 Server Error: Bad Gateway for url: https://metickets.krc.co.ke/index.php
2026-01-02 22:24:01,790 - TrainMonitor - INFO - Fetching CSRF token...
2026-01-02 22:24:04,603 - TrainMonitor - INFO - Fetching CSRF token...
2026-01-02 22:24:07,595 - TrainMonitor - INFO - Fetching CSRF token...
2026-01-02 22:24:10,173 - TrainMonitor - INFO - Fetching CSRF token...
2026-01-02 22:24:12,745 - TrainMonitor - INFO - Fetching CSRF token...
2026-01-02 22:24:17,448 - httpx - INFO - HTTP Request: POST https://api.telegram.org/bot8583489890:AAFOGAq_L0XfrpvPbJFGFTHTXTCwE7-CpfQ/sendMessage "HTTP/1.1 200 OK"
2026-01-02 22:24:17,454 - TrainMonitor - INFO - Telegram notification sent.
2026-01-02 22:24:17,768 - httpx - INFO - HTTP Request: POST https://api.telegram.org/bot8583489890:AAFOGAq_L0XfrpvPbJFGFTHTXTCwE7-CpfQ/sendMessage "HTTP/1.1 200 OK"
2026-01-02 22:24:17,769 - TrainMonitor - INFO - Telegram notification sent to channel.
2026-01-02 22:24:17,771 - TrainMonitor - INFO - Alert sent for 01/04/2026_Train 10:00 pm_10:00 pm_fclass0_eco2
2026-01-02 22:24:17,772 - TrainMonitor - INFO - Fetching CSRF token...
2026-01-02 22:24:21,907 - TrainMonitor - INFO - Fetching CSRF token...
2026-01-02 22:24:25,021 - TrainMonitor - INFO - Fetching CSRF token...
2026-01-02 22:24:28,855 - httpx - INFO - HTTP Request: POST https://api.telegram.org/bot8583489890:AAFOGAq_L0XfrpvPbJFGFTHTXTCwE7-CpfQ/sendMessage "HTTP/1.1 200 OK"
2026-01-02 22:24:28,861 - TrainMonitor - INFO - Telegram notification sent.
2026-01-02 22:24:29,177 - httpx - INFO - HTTP Request: POST https://api.telegram.org/bot8583489890:AAFOGAq_L0XfrpvPbJFGFTHTXTCwE7-CpfQ/sendMessage "HTTP/1.1 200 OK"
2026-01-02 22:24:29,183 - TrainMonitor - INFO - Telegram notification sent to channel.
2026-01-02 22:24:29,196 - TrainMonitor - INFO - Alert sent for 01/05/2026_Train 10:00 pm_10:00 pm_fclass1_eco0
2026-01-02 22:24:39,201 - TrainMonitor - INFO - Starting check cycle for 12 dates...
2026-01-02 22:24:39,201 - TrainMonitor - INFO - Fetching CSRF token...
2026-01-02 22:24:42,041 - TrainMonitor - INFO - Fetching CSRF token...
2026-01-02 22:24:44,888 - TrainMonitor - INFO - Fetching CSRF token...
2026-01-02 22:24:48,293 - TrainMonitor - INFO - Fetching CSRF token...
2026-01-02 22:24:52,194 - TrainMonitor - INFO - Fetching CSRF token...
2026-01-02 22:24:55,540 - TrainMonitor - INFO - Fetching CSRF token...
2026-01-02 22:24:58,785 - TrainMonitor - INFO - Fetching CSRF token...
2026-01-02 22:25:03,210 - TrainMonitor - INFO - Fetching CSRF token...
2026-01-02 22:25:06,475 - TrainMonitor - INFO - Fetching CSRF token...
2026-01-02 22:25:09,328 - TrainMonitor - INFO - Fetching CSRF token...
2026-01-02 22:25:12,029 - TrainMonitor - INFO - Fetching CSRF token...
2026-01-02 22:25:15,818 - TrainMonitor - INFO - Fetching CSRF token...
2026-01-02 22:25:19,211 - TrainMonitor - INFO - Fetching CSRF token...
2026-01-02 22:25:22,693 - TrainMonitor - INFO - Fetching CSRF token...
2026-01-02 22:25:26,468 - TrainMonitor - INFO - Fetching CSRF token...
2026-01-02 22:25:29,299 - TrainMonitor - INFO - Fetching CSRF token...
2026-01-02 22:25:32,210 - TrainMonitor - INFO - Fetching CSRF token...
2026-01-02 22:25:36,658 - TrainMonitor - INFO - Fetching CSRF token...
2026-01-02 22:25:39,978 - TrainMonitor - INFO - Fetching CSRF token...
2026-01-02 22:25:42,841 - TrainMonitor - INFO - Fetching CSRF token...
2026-01-02 22:25:49,604 - TrainMonitor - INFO - Fetching CSRF token...
2026-01-02 22:25:52,474 - TrainMonitor - INFO - Fetching CSRF token...
2026-01-02 22:25:55,832 - TrainMonitor - INFO - Fetching CSRF token...
2026-01-02 22:25:59,086 - TrainMonitor - INFO - Fetching CSRF token...
2026-01-02 22:26:02,706 - TrainMonitor - INFO - Fetching CSRF token...
2026-01-02 22:26:06,298 - TrainMonitor - INFO - Fetching CSRF token...
2026-01-02 22:26:09,716 - TrainMonitor - INFO - Fetching CSRF token...
2026-01-02 22:26:13,118 - TrainMonitor - INFO - Fetching CSRF token...
2026-01-02 22:26:15,717 - TrainMonitor - INFO - Fetching CSRF token...
2026-01-02 22:26:18,292 - TrainMonitor - INFO - Fetching CSRF token...
2026-01-02 22:26:21,095 - TrainMonitor - INFO - Fetching CSRF token...
2026-01-02 22:26:24,227 - TrainMonitor - INFO - Fetching CSRF token...
2026-01-02 22:26:27,392 - TrainMonitor - INFO - Fetching CSRF token...
2026-01-02 22:26:30,551 - TrainMonitor - INFO - Already alerted for 01/04/2026_Train 10:00 pm_10:00 pm_fclass0_eco2, skipping.
2026-01-02 22:26:30,551 - TrainMonitor - INFO - Fetching CSRF token...
2026-01-02 22:26:33,647 - TrainMonitor - INFO - Fetching CSRF token...
2026-01-02 22:26:36,724 - TrainMonitor - INFO - Fetching CSRF token...
2026-01-02 22:26:50,097 - TrainMonitor - INFO - Starting check cycle for 12 dates...
2026-01-02 22:26:50,097 - TrainMonitor - INFO - Fetching CSRF token...
2026-01-02 22:26:53,001 - TrainMonitor - INFO - Fetching CSRF token...
2026-01-02 22:26:55,731 - TrainMonitor - INFO - Fetching CSRF token...
2026-01-02 22:26:58,964 - TrainMonitor - INFO - Fetching CSRF token...
2026-01-02 22:27:02,921 - TrainMonitor - INFO - Fetching CSRF token...
2026-01-02 22:27:05,637 - TrainMonitor - INFO - Fetching CSRF token...
2026-01-02 22:27:09,883 - TrainMonitor - INFO - Fetching CSRF token...
2026-01-02 22:27:11,972 - TrainMonitor - INFO - Stopping monitor...
